{"/Users/lindadaignault/Documents/coding/career/portfolio-projects/courtside-counter/backend/app.js": {"path":"/Users/lindadaignault/Documents/coding/career/portfolio-projects/courtside-counter/backend/app.js","statementMap":{"0":{"start":{"line":3,"column":16},"end":{"line":3,"column":34}},"1":{"start":{"line":4,"column":12},"end":{"line":4,"column":21}},"2":{"start":{"line":5,"column":13},"end":{"line":5,"column":28}},"3":{"start":{"line":6,"column":17},"end":{"line":6,"column":36}},"4":{"start":{"line":7,"column":13},"end":{"line":7,"column":33}},"5":{"start":{"line":8,"column":15},"end":{"line":8,"column":32}},"6":{"start":{"line":10,"column":0},"end":{"line":10,"column":24}},"7":{"start":{"line":11,"column":0},"end":{"line":11,"column":16}},"8":{"start":{"line":12,"column":0},"end":{"line":12,"column":24}},"9":{"start":{"line":18,"column":18},"end":{"line":18,"column":43}},"10":{"start":{"line":21,"column":0},"end":{"line":62,"column":3}},"11":{"start":{"line":23,"column":2},"end":{"line":27,"column":3}},"12":{"start":{"line":25,"column":4},"end":{"line":25,"column":25}},"13":{"start":{"line":26,"column":4},"end":{"line":26,"column":20}},"14":{"start":{"line":28,"column":2},"end":{"line":28,"column":52}},"15":{"start":{"line":29,"column":13},"end":{"line":29,"column":28}},"16":{"start":{"line":32,"column":23},"end":{"line":32,"column":56}},"17":{"start":{"line":33,"column":20},"end":{"line":33,"column":50}},"18":{"start":{"line":34,"column":21},"end":{"line":34,"column":52}},"19":{"start":{"line":36,"column":2},"end":{"line":36,"column":36}},"20":{"start":{"line":37,"column":2},"end":{"line":37,"column":29}},"21":{"start":{"line":38,"column":2},"end":{"line":38,"column":27}},"22":{"start":{"line":43,"column":2},"end":{"line":46,"column":5}},"23":{"start":{"line":44,"column":4},"end":{"line":44,"column":44}},"24":{"start":{"line":45,"column":4},"end":{"line":45,"column":36}},"25":{"start":{"line":50,"column":2},"end":{"line":55,"column":5}},"26":{"start":{"line":51,"column":4},"end":{"line":51,"column":34}},"27":{"start":{"line":52,"column":4},"end":{"line":54,"column":7}},"28":{"start":{"line":59,"column":2},"end":{"line":61,"column":5}},"29":{"start":{"line":60,"column":4},"end":{"line":60,"column":75}},"30":{"start":{"line":64,"column":0},"end":{"line":64,"column":21}}},"fnMap":{"0":{"name":"(anonymous_0)","decl":{"start":{"line":21,"column":18},"end":{"line":21,"column":19}},"loc":{"start":{"line":21,"column":34},"end":{"line":62,"column":1}},"line":21},"1":{"name":"(anonymous_1)","decl":{"start":{"line":43,"column":34},"end":{"line":43,"column":35}},"loc":{"start":{"line":43,"column":40},"end":{"line":46,"column":3}},"line":43},"2":{"name":"(anonymous_2)","decl":{"start":{"line":50,"column":10},"end":{"line":50,"column":11}},"loc":{"start":{"line":50,"column":34},"end":{"line":55,"column":3}},"line":50},"3":{"name":"(anonymous_3)","decl":{"start":{"line":59,"column":19},"end":{"line":59,"column":20}},"loc":{"start":{"line":59,"column":30},"end":{"line":61,"column":3}},"line":59}},"branchMap":{"0":{"loc":{"start":{"line":23,"column":2},"end":{"line":27,"column":3}},"type":"if","locations":[{"start":{"line":23,"column":2},"end":{"line":27,"column":3}},{"start":{"line":23,"column":2},"end":{"line":27,"column":3}}],"line":23},"1":{"loc":{"start":{"line":51,"column":15},"end":{"line":51,"column":32}},"type":"binary-expr","locations":[{"start":{"line":51,"column":15},"end":{"line":51,"column":25}},{"start":{"line":51,"column":29},"end":{"line":51,"column":32}}],"line":51}},"s":{"0":1,"1":1,"2":1,"3":1,"4":1,"5":1,"6":1,"7":1,"8":1,"9":1,"10":1,"11":0,"12":0,"13":0,"14":0,"15":0,"16":0,"17":0,"18":0,"19":0,"20":0,"21":0,"22":0,"23":0,"24":0,"25":0,"26":0,"27":0,"28":0,"29":0,"30":1},"f":{"0":0,"1":0,"2":0,"3":0},"b":{"0":[0,0],"1":[0,0]},"_coverageSchema":"43e27e138ebf9cfc5966b082cf9a028302ed4184","hash":"9df2a59a79bafc4c91c77ec60b8eaba6f5b3b50f"}
,"/Users/lindadaignault/Documents/coding/career/portfolio-projects/courtside-counter/backend/config.js": {"path":"/Users/lindadaignault/Documents/coding/career/portfolio-projects/courtside-counter/backend/config.js","statementMap":{"0":{"start":{"line":3,"column":0},"end":{"line":3,"column":27}},"1":{"start":{"line":5,"column":15},"end":{"line":5,"column":47}},"2":{"start":{"line":7,"column":13},"end":{"line":7,"column":38}},"3":{"start":{"line":9,"column":16},"end":{"line":9,"column":45}},"4":{"start":{"line":13,"column":0},"end":{"line":17,"column":1}},"5":{"start":{"line":14,"column":2},"end":{"line":14,"column":33}},"6":{"start":{"line":16,"column":2},"end":{"line":16,"column":56}},"7":{"start":{"line":19,"column":13},"end":{"line":19,"column":45}},"8":{"start":{"line":21,"column":0},"end":{"line":27,"column":2}}},"fnMap":{},"branchMap":{"0":{"loc":{"start":{"line":5,"column":15},"end":{"line":5,"column":47}},"type":"binary-expr","locations":[{"start":{"line":5,"column":15},"end":{"line":5,"column":37}},{"start":{"line":5,"column":41},"end":{"line":5,"column":47}}],"line":5},"1":{"loc":{"start":{"line":7,"column":13},"end":{"line":7,"column":38}},"type":"binary-expr","locations":[{"start":{"line":7,"column":13},"end":{"line":7,"column":30}},{"start":{"line":7,"column":34},"end":{"line":7,"column":38}}],"line":7},"2":{"loc":{"start":{"line":9,"column":16},"end":{"line":9,"column":45}},"type":"binary-expr","locations":[{"start":{"line":9,"column":16},"end":{"line":9,"column":36}},{"start":{"line":9,"column":40},"end":{"line":9,"column":45}}],"line":9},"3":{"loc":{"start":{"line":13,"column":0},"end":{"line":17,"column":1}},"type":"if","locations":[{"start":{"line":13,"column":0},"end":{"line":17,"column":1}},{"start":{"line":13,"column":0},"end":{"line":17,"column":1}}],"line":13},"4":{"loc":{"start":{"line":16,"column":12},"end":{"line":16,"column":55}},"type":"binary-expr","locations":[{"start":{"line":16,"column":12},"end":{"line":16,"column":36}},{"start":{"line":16,"column":40},"end":{"line":16,"column":55}}],"line":16}},"s":{"0":1,"1":1,"2":1,"3":1,"4":1,"5":1,"6":0,"7":1,"8":1},"f":{},"b":{"0":[1,1],"1":[1,0],"2":[1,1],"3":[1,0],"4":[0,0]},"_coverageSchema":"43e27e138ebf9cfc5966b082cf9a028302ed4184","hash":"5ff749ccac4c63e49f88cfa6a5284fca30321828"}
,"/Users/lindadaignault/Documents/coding/career/portfolio-projects/courtside-counter/backend/db/mongoUtil.js": {"path":"/Users/lindadaignault/Documents/coding/career/portfolio-projects/courtside-counter/backend/db/mongoUtil.js","statementMap":{"0":{"start":{"line":1,"column":24},"end":{"line":1,"column":42}},"1":{"start":{"line":2,"column":28},"end":{"line":2,"column":48}},"2":{"start":{"line":4,"column":14},"end":{"line":6,"column":1}},"3":{"start":{"line":7,"column":0},"end":{"line":32,"column":2}},"4":{"start":{"line":9,"column":4},"end":{"line":9,"column":32}},"5":{"start":{"line":9,"column":18},"end":{"line":9,"column":32}},"6":{"start":{"line":11,"column":4},"end":{"line":18,"column":7}},"7":{"start":{"line":15,"column":6},"end":{"line":15,"column":32}},"8":{"start":{"line":15,"column":15},"end":{"line":15,"column":32}},"9":{"start":{"line":16,"column":6},"end":{"line":16,"column":36}},"10":{"start":{"line":17,"column":6},"end":{"line":17,"column":13}},"11":{"start":{"line":21,"column":4},"end":{"line":21,"column":20}},"12":{"start":{"line":24,"column":4},"end":{"line":30,"column":5}},"13":{"start":{"line":25,"column":6},"end":{"line":29,"column":9}},"14":{"start":{"line":26,"column":8},"end":{"line":26,"column":24}},"15":{"start":{"line":27,"column":8},"end":{"line":27,"column":26}},"16":{"start":{"line":28,"column":8},"end":{"line":28,"column":18}}},"fnMap":{"0":{"name":"(anonymous_0)","decl":{"start":{"line":8,"column":11},"end":{"line":8,"column":12}},"loc":{"start":{"line":8,"column":26},"end":{"line":19,"column":3}},"line":8},"1":{"name":"(anonymous_1)","decl":{"start":{"line":11,"column":59},"end":{"line":11,"column":60}},"loc":{"start":{"line":14,"column":6},"end":{"line":18,"column":5}},"line":14},"2":{"name":"(anonymous_2)","decl":{"start":{"line":20,"column":7},"end":{"line":20,"column":8}},"loc":{"start":{"line":20,"column":18},"end":{"line":22,"column":3}},"line":20},"3":{"name":"(anonymous_3)","decl":{"start":{"line":23,"column":9},"end":{"line":23,"column":10}},"loc":{"start":{"line":23,"column":24},"end":{"line":31,"column":3}},"line":23},"4":{"name":"(anonymous_4)","decl":{"start":{"line":25,"column":21},"end":{"line":25,"column":22}},"loc":{"start":{"line":25,"column":35},"end":{"line":29,"column":7}},"line":25}},"branchMap":{"0":{"loc":{"start":{"line":9,"column":4},"end":{"line":9,"column":32}},"type":"if","locations":[{"start":{"line":9,"column":4},"end":{"line":9,"column":32}},{"start":{"line":9,"column":4},"end":{"line":9,"column":32}}],"line":9},"1":{"loc":{"start":{"line":15,"column":6},"end":{"line":15,"column":32}},"type":"if","locations":[{"start":{"line":15,"column":6},"end":{"line":15,"column":32}},{"start":{"line":15,"column":6},"end":{"line":15,"column":32}}],"line":15},"2":{"loc":{"start":{"line":24,"column":4},"end":{"line":30,"column":5}},"type":"if","locations":[{"start":{"line":24,"column":4},"end":{"line":30,"column":5}},{"start":{"line":24,"column":4},"end":{"line":30,"column":5}}],"line":24}},"s":{"0":1,"1":1,"2":1,"3":1,"4":2,"5":0,"6":2,"7":0,"8":0,"9":0,"10":0,"11":1,"12":0,"13":0,"14":0,"15":0,"16":0},"f":{"0":2,"1":0,"2":1,"3":0,"4":0},"b":{"0":[0,2],"1":[0,0],"2":[0,0]},"_coverageSchema":"43e27e138ebf9cfc5966b082cf9a028302ed4184","hash":"525139c3a8357317b18bc9a568dab3a4f8ad6792"}
}
