TN:
SF:/Users/lindadaignault/Documents/coding/career/portfolio-projects/courtside-counter/backend/app.js
FN:21,(anonymous_0)
FN:43,(anonymous_1)
FN:50,(anonymous_2)
FN:59,(anonymous_3)
FNF:4
FNH:0
FNDA:0,(anonymous_0)
FNDA:0,(anonymous_1)
FNDA:0,(anonymous_2)
FNDA:0,(anonymous_3)
DA:3,1
DA:4,1
DA:5,1
DA:6,1
DA:7,1
DA:8,1
DA:10,1
DA:11,1
DA:12,1
DA:18,1
DA:21,1
DA:23,0
DA:25,0
DA:26,0
DA:28,0
DA:29,0
DA:32,0
DA:33,0
DA:34,0
DA:36,0
DA:37,0
DA:38,0
DA:43,0
DA:44,0
DA:45,0
DA:50,0
DA:51,0
DA:52,0
DA:59,0
DA:60,0
DA:64,1
LF:31
LH:12
BRDA:23,0,0,0
BRDA:23,0,1,0
BRDA:51,1,0,0
BRDA:51,1,1,0
BRF:4
BRH:0
end_of_record
TN:
SF:/Users/lindadaignault/Documents/coding/career/portfolio-projects/courtside-counter/backend/config.js
FNF:0
FNH:0
DA:3,1
DA:5,1
DA:7,1
DA:9,1
DA:13,1
DA:14,1
DA:16,0
DA:19,1
DA:21,1
LF:9
LH:8
BRDA:5,0,0,1
BRDA:5,0,1,1
BRDA:7,1,0,1
BRDA:7,1,1,0
BRDA:9,2,0,1
BRDA:9,2,1,1
BRDA:13,3,0,1
BRDA:13,3,1,0
BRDA:16,4,0,0
BRDA:16,4,1,0
BRF:10
BRH:6
end_of_record
TN:
SF:/Users/lindadaignault/Documents/coding/career/portfolio-projects/courtside-counter/backend/db/mongoUtil.js
FN:8,(anonymous_0)
FN:11,(anonymous_1)
FN:20,(anonymous_2)
FN:23,(anonymous_3)
FN:25,(anonymous_4)
FNF:5
FNH:2
FNDA:2,(anonymous_0)
FNDA:0,(anonymous_1)
FNDA:1,(anonymous_2)
FNDA:0,(anonymous_3)
FNDA:0,(anonymous_4)
DA:1,1
DA:2,1
DA:4,1
DA:7,1
DA:9,2
DA:11,2
DA:15,0
DA:16,0
DA:17,0
DA:21,1
DA:24,0
DA:25,0
DA:26,0
DA:27,0
DA:28,0
LF:15
LH:7
BRDA:9,0,0,0
BRDA:9,0,1,2
BRDA:15,1,0,0
BRDA:15,1,1,0
BRDA:24,2,0,0
BRDA:24,2,1,0
BRF:6
BRH:1
end_of_record
